app/build/intermediates/manifest_merge_blame_file/release/manifest-merger-blame-release-report.txt
1<?xml version="1.0" encoding="utf-8"?>
2<manifest xmlns:android="http://schemas.android.com/apk/res/android"
3    package="com.example.photoera" >
4
5    <uses-sdk
6        android:minSdkVersion="16"
6-->src/main/AndroidManifest.xml
7        android:targetSdkVersion="28" />
7-->src/main/AndroidManifest.xml
8
9    <uses-permission android:name="android.permission.INTERNET" />
9-->src/main/AndroidManifest.xml:5:5-67
9-->src/main/AndroidManifest.xml:5:22-64
10    <uses-permission android:name="android.permission.READ_EXTERNAL_STORAGE" />
10-->src/main/AndroidManifest.xml:6:5-96
10-->src/main/AndroidManifest.xml:6:22-77
11    <uses-permission android:name="android.permission.WRITE_EXTERNAL_STORAGE" />
11-->src/main/AndroidManifest.xml:7:5-81
11-->src/main/AndroidManifest.xml:7:22-78
12    <uses-permission android:name="android.permission.CAMERA" />
12-->src/main/AndroidManifest.xml:8:5-81
12-->src/main/AndroidManifest.xml:8:22-62
13
14    <uses-feature android:name="android.hardware.camera" />
14-->src/main/AndroidManifest.xml:9:5-73
14-->src/main/AndroidManifest.xml:9:19-57
15
16    <uses-permission android:name="android.permission.ACCESS_NETWORK_STATE" />
16-->src/main/AndroidManifest.xml:10:5-79
16-->src/main/AndroidManifest.xml:10:22-76
17    <uses-permission android:name="android.permission.ACCESS_FINE_LOCATION" />
17-->src/main/AndroidManifest.xml:11:5-79
17-->src/main/AndroidManifest.xml:11:22-76
18    <uses-permission android:name="android.permission.ACCESS_COARSE_LOCATION" />
18-->src/main/AndroidManifest.xml:12:5-81
18-->src/main/AndroidManifest.xml:12:22-78
19
20    <application
20-->src/main/AndroidManifest.xml:14:5-44:19
21        android:allowBackup="true"
21-->src/main/AndroidManifest.xml:15:9-35
22        android:icon="@mipmap/ic_launcher"
22-->src/main/AndroidManifest.xml:16:9-43
23        android:label="@string/app_name"
23-->src/main/AndroidManifest.xml:17:9-41
24        android:roundIcon="@mipmap/ic_launcher_round"
24-->src/main/AndroidManifest.xml:18:9-54
25        android:supportsRtl="true"
25-->src/main/AndroidManifest.xml:19:9-35
26        android:theme="@style/AppTheme" >
26-->src/main/AndroidManifest.xml:20:9-40
27        <activity android:name="com.example.photoera.UploadActivity" />
27-->src/main/AndroidManifest.xml:21:9-61
27-->src/main/AndroidManifest.xml:21:19-49
28        <activity android:name="com.example.photoera.PopupActivity" />
28-->src/main/AndroidManifest.xml:22:9-51
28-->src/main/AndroidManifest.xml:22:19-48
29        <activity android:name="com.example.photoera.CommentActivity" />
29-->src/main/AndroidManifest.xml:23:9-53
29-->src/main/AndroidManifest.xml:23:19-50
30        <activity android:name="com.example.photoera.ChatActivity" />
30-->src/main/AndroidManifest.xml:24:9-50
30-->src/main/AndroidManifest.xml:24:19-47
31        <activity android:name="com.example.photoera.UserEditActivity" />
31-->src/main/AndroidManifest.xml:25:9-54
31-->src/main/AndroidManifest.xml:25:19-51
32        <activity android:name="com.example.photoera.PhotoActivity" />
32-->src/main/AndroidManifest.xml:26:9-51
32-->src/main/AndroidManifest.xml:26:19-48
33        <activity android:name="com.example.photoera.StartActivity" />
33-->src/main/AndroidManifest.xml:27:9-51
33-->src/main/AndroidManifest.xml:27:19-48
34        <activity android:name="com.example.photoera.MypageActivity" />
34-->src/main/AndroidManifest.xml:28:9-52
34-->src/main/AndroidManifest.xml:28:19-49
35        <activity android:name="com.example.photoera.FindActivity" />
35-->src/main/AndroidManifest.xml:29:9-50
35-->src/main/AndroidManifest.xml:29:19-47
36
37        <meta-data
37-->src/main/AndroidManifest.xml:31:9-33:71
38            android:name="com.google.android.maps.v2.API_KEY"
38-->src/main/AndroidManifest.xml:32:13-62
39            android:value="AIzaSyCTdFfKsOrga2jpP14Iv_IUXw40xUU3R-0" />
39-->src/main/AndroidManifest.xml:33:13-68
40
41        <activity android:name="com.example.photoera.UnityPlayerActivity" />
41-->src/main/AndroidManifest.xml:35:9-57
41-->src/main/AndroidManifest.xml:35:19-54
42        <activity android:name="com.example.photoera.LoginActivity" >
42-->src/main/AndroidManifest.xml:36:9-42:20
42-->src/main/AndroidManifest.xml:36:19-48
43            <intent-filter>
43-->src/main/AndroidManifest.xml:37:13-41:29
44                <action android:name="android.intent.action.MAIN" />
44-->src/main/AndroidManifest.xml:38:17-69
44-->src/main/AndroidManifest.xml:38:25-66
45
46                <category android:name="android.intent.category.LAUNCHER" />
46-->src/main/AndroidManifest.xml:40:17-77
46-->src/main/AndroidManifest.xml:40:27-74
47            </intent-filter>
48        </activity>
49        <activity android:name="com.example.photoera.RegistActivity" />
49-->src/main/AndroidManifest.xml:43:9-52
49-->src/main/AndroidManifest.xml:43:19-49
50    </application>
51
52</manifest>